<?xml version="1.0" encoding="UTF-8"?>
<!-- Generated by org.testng.reporters.JUnitReportReporter -->
<testsuite hostname="DESKTOP-GMET3KA" name="com.inetBanking.testCases.TC_Login_001" tests="1" failures="0" timestamp="17 Oct 2022 17:33:05 GMT" time="3.279" errors="0">
  <testcase name="loginTest" time="3.279" classname="com.inetBanking.testCases.TC_Login_001"/>
</testsuite> <!-- com.inetBanking.testCases.TC_Login_001 -->
