<?xml version="1.0" encoding="UTF-8"?>
<!-- Generated by org.testng.reporters.JUnitReportReporter -->
<testsuite hostname="DESKTOP-GMET3KA" name="com.inetBanking.testCases.TC_Login_001" tests="1" failures="0" timestamp="22 Oct 2022 17:12:07 GMT" time="5.034" errors="0">
  <testcase name="loginTest" time="5.034" classname="com.inetBanking.testCases.TC_Login_001"/>
</testsuite> <!-- com.inetBanking.testCases.TC_Login_001 -->
