<?xml version="1.0" encoding="UTF-8"?>
<!-- Generated by org.testng.reporters.JUnitReportReporter -->
<testsuite skipped="0" hostname="DESKTOP-GMET3KA" name="com.inetBanking.testCases.TC_Login_001" tests="1" failures="0" timestamp="19 Oct 2022 03:35:05 GMT" time="4.041" errors="0">
  <testcase name="loginTest" time="4.041" classname="com.inetBanking.testCases.TC_Login_001"/>
</testsuite> <!-- com.inetBanking.testCases.TC_Login_001 -->
